<?xml version="1.0" encoding="UTF-8"?>
<robot generator="Robot 3.2.2 (Python 3.9.0 on win32)" generated="20210120 11:07:41.949" rpa="false">
<suite id="s1" name="OpenEmrProject" source="C:\Users\CTEA\Testing\Robot_WorkspaceTesting\OpenEmrProject">
<suite id="s1-s1" name="LoginSuite" source="C:\Users\CTEA\Testing\Robot_WorkspaceTesting\OpenEmrProject\LoginSuite">
<suite id="s1-s1-s1" name="Verify Invalid Credentials" source="C:\Users\CTEA\Testing\Robot_WorkspaceTesting\OpenEmrProject\LoginSuite\verify_invalid_credentials.robot">
<test id="s1-s1-s1-t1" name="TC3">
<kw name="Launch Browser" library="common_functionality" type="setup">
<kw name="Append To Environment Variable" library="OperatingSystem">
<doc>Appends given ``values`` to environment variable ``name``.</doc>
<arguments>
<arg>Path</arg>
<arg>${OUTPUT_DIR}${/}driver</arg>
</arguments>
<msg timestamp="20210120 11:07:44.654" level="INFO">Environment variable 'Path' set to value 'C:/Users/CTEA/.p2/pool/plugins/org.eclipse.justj.openjdk.hotspot.jre.full.win32.x86_64_15.0.1.v20201027-0507/jre/bin/server;C:/Users/CTEA/.p2/pool/plugins/org.eclipse.justj.openjdk.hotspot.jre.full.win32.x86_64_15.0.1.v20201027-0507/jre/bin;C:\Program Files (x86)\Common Files\Oracle\Java\javapath;C:\WINDOWS\system32;C:\WINDOWS;C:\WINDOWS\System32\Wbem;C:\WINDOWS\System32\WindowsPowerShell\v1.0\;C:\Python;C:\Python\Scripts;C:\xampp\mysql\bin;C:\WINDOWS\System32\OpenSSH\;C:\Program Files\mingw-w64\x86_64-8.1.0-posix-seh-rt_v6-rev0\mingw64\bin;C:\Program Files (x86)\Groovy\bin;C:\ProgramData\Microsoft\Windows\Start Menu\Programs\Groovy;C:\Program Files\Java\jdk1.8.0_271\bin;C:\Program Files\Java\jre1.8.0_271\bin;C:\Program Files (x86)\Groovy\bin;C:\Program Files\Git\cmd;;C:\Users\CTEA\AppData\Local\Programs\Microsoft VS Code\bin;C:\Users\CTEA\AppData\Local\Microsoft\WindowsApps;C:\WINDOWS\System32;;C:\Users\CTEA\Testing\Robot_WorkspaceTesting\OpenEmrProject\driver'.</msg>
<status status="PASS" starttime="20210120 11:07:44.653" endtime="20210120 11:07:44.655"></status>
</kw>
<kw name="Open Browser" library="SeleniumLibrary">
<doc>Opens a new browser instance to the optional ``url``.</doc>
<arguments>
<arg>browser= ${BROWSER_NAME}</arg>
</arguments>
<msg timestamp="20210120 11:07:44.656" level="INFO">Opening browser ' chrome' to base url 'None'.</msg>
<status status="PASS" starttime="20210120 11:07:44.655" endtime="20210120 11:07:48.672"></status>
</kw>
<kw name="Maximize Browser Window" library="SeleniumLibrary">
<doc>Maximizes current browser window.</doc>
<status status="PASS" starttime="20210120 11:07:48.672" endtime="20210120 11:07:50.821"></status>
</kw>
<kw name="Set Selenium Implicit Wait" library="SeleniumLibrary">
<doc>Sets the implicit wait value used by Selenium.</doc>
<arguments>
<arg>30s</arg>
</arguments>
<status status="PASS" starttime="20210120 11:07:50.822" endtime="20210120 11:07:50.825"></status>
</kw>
<kw name="Go To" library="SeleniumLibrary">
<doc>Navigates the current browser window to the provided ``url``.</doc>
<arguments>
<arg>url=${URL}</arg>
</arguments>
<msg timestamp="20210120 11:07:50.826" level="INFO">Opening url 'https://demo.openemr.io/b/openemr/interface/login/login.php?site=default'</msg>
<status status="PASS" starttime="20210120 11:07:50.825" endtime="20210120 11:07:57.977"></status>
</kw>
<status status="PASS" starttime="20210120 11:07:44.651" endtime="20210120 11:07:57.977"></status>
</kw>
<kw name="Verify_Invalid_Credentials_Template">
<arguments>
<arg>admin</arg>
<arg>pass</arg>
<arg> English (Indian)</arg>
<arg>Invalid username or password</arg>
</arguments>
<kw name="Enter Username" library="LoginPage">
<arguments>
<arg>${username}</arg>
</arguments>
<kw name="Input Text" library="SeleniumLibrary">
<doc>Types the given ``text`` into the text field identified by ``locator``.</doc>
<arguments>
<arg>${USERNAME_LOCATOR}</arg>
<arg>${username}</arg>
</arguments>
<msg timestamp="20210120 11:07:57.980" level="INFO">Typing text 'admin' into text field 'authUser'.</msg>
<status status="PASS" starttime="20210120 11:07:57.980" endtime="20210120 11:07:58.325"></status>
</kw>
<status status="PASS" starttime="20210120 11:07:57.979" endtime="20210120 11:07:58.325"></status>
</kw>
<kw name="Enter Password" library="LoginPage">
<arguments>
<arg>${password}</arg>
</arguments>
<kw name="Input Text" library="SeleniumLibrary">
<doc>Types the given ``text`` into the text field identified by ``locator``.</doc>
<arguments>
<arg>${PASSWORD_LOCATOR}</arg>
<arg>${password}</arg>
</arguments>
<msg timestamp="20210120 11:07:58.327" level="INFO">Typing text 'pass' into text field 'clearPass'.</msg>
<status status="PASS" starttime="20210120 11:07:58.326" endtime="20210120 11:07:58.798"></status>
</kw>
<status status="PASS" starttime="20210120 11:07:58.326" endtime="20210120 11:07:58.798"></status>
</kw>
<kw name="Select Language" library="LoginPage">
<arguments>
<arg>${language}</arg>
</arguments>
<kw name="Select From List By Label" library="SeleniumLibrary">
<doc>Selects options from selection list ``locator`` by ``labels``.</doc>
<arguments>
<arg>${LANGUAGE_LOCATOR}</arg>
<arg>${language}</arg>
</arguments>
<msg timestamp="20210120 11:07:58.800" level="INFO">Selecting options from selection list 'name=languageChoice' by label  English (Indian).</msg>
<kw name="Capture Page Screenshot" library="SeleniumLibrary">
<doc>Takes a screenshot of the current page and embeds it into a log file.</doc>
<msg timestamp="20210120 11:08:13.465" level="INFO" html="yes">&lt;/td&gt;&lt;/tr&gt;&lt;tr&gt;&lt;td colspan="3"&gt;&lt;a href="Screenshot/selenium-screenshot-37.png"&gt;&lt;img src="Screenshot/selenium-screenshot-37.png" width="800px"&gt;&lt;/a&gt;</msg>
<status status="PASS" starttime="20210120 11:08:13.021" endtime="20210120 11:08:13.466"></status>
</kw>
<msg timestamp="20210120 11:08:13.479" level="FAIL">StaleElementReferenceException: Message: stale element reference: element is not attached to the page document
  (Session info: chrome=87.0.4280.141)
</msg>
<status status="FAIL" starttime="20210120 11:07:58.799" endtime="20210120 11:08:13.480"></status>
</kw>
<status status="FAIL" starttime="20210120 11:07:58.798" endtime="20210120 11:08:13.480"></status>
</kw>
<status status="FAIL" starttime="20210120 11:07:57.978" endtime="20210120 11:08:13.481"></status>
</kw>
<kw name="End Browser" library="common_functionality" type="teardown">
<kw name="Close Browser" library="SeleniumLibrary">
<doc>Closes the current browser.</doc>
<status status="PASS" starttime="20210120 11:08:13.482" endtime="20210120 11:08:15.822"></status>
</kw>
<status status="PASS" starttime="20210120 11:08:13.481" endtime="20210120 11:08:15.823"></status>
</kw>
<status status="FAIL" starttime="20210120 11:07:44.649" endtime="20210120 11:08:15.823" critical="yes">StaleElementReferenceException: Message: stale element reference: element is not attached to the page document
  (Session info: chrome=87.0.4280.141)
</status>
</test>
<doc>This file is test for invalid Credential Testing</doc>
<status status="FAIL" starttime="20210120 11:07:42.084" endtime="20210120 11:08:15.826"></status>
</suite>
<status status="FAIL" starttime="20210120 11:07:42.079" endtime="20210120 11:08:15.829"></status>
</suite>
<status status="FAIL" starttime="20210120 11:07:42.044" endtime="20210120 11:08:15.832"></status>
</suite>
<statistics>
<total>
<stat pass="0" fail="1">Critical Tests</stat>
<stat pass="0" fail="1">All Tests</stat>
</total>
<tag>
</tag>
<suite>
<stat pass="0" fail="1" id="s1" name="OpenEmrProject">OpenEmrProject</stat>
<stat pass="0" fail="1" id="s1-s1" name="LoginSuite">OpenEmrProject.LoginSuite</stat>
<stat pass="0" fail="1" id="s1-s1-s1" name="Verify Invalid Credentials">OpenEmrProject.LoginSuite.Verify Invalid Credentials</stat>
</suite>
</statistics>
<errors>
</errors>
</robot>
