<?xml version="1.0" encoding="UTF-8"?>
<robot generator="Robot 3.2.2 (Python 3.9.0 on win32)" generated="20210119 09:54:03.384" rpa="false">
<suite id="s1" name="Verify Valid Credentials" source="C:\Users\CTEA\Testing\Robot_WorkspaceTesting\OpenEmrProject\LoginSuite\verify_valid_credentials.robot">
<test id="s1-t1" name="Verify_Valid_Credentials_Test">
<kw name="Launch Browser" library="common_functionality">
<kw name="Append To Environment Variable" library="OperatingSystem">
<doc>Appends given ``values`` to environment variable ``name``.</doc>
<arguments>
<arg>Path</arg>
<arg>${OUTPUT_DIR}${/}driver</arg>
</arguments>
<msg timestamp="20210119 09:54:03.693" level="INFO">Environment variable 'Path' set to value 'C:\Program Files (x86)\Common Files\Oracle\Java\javapath;C:\WINDOWS\system32;C:\WINDOWS;C:\WINDOWS\System32\Wbem;C:\WINDOWS\System32\WindowsPowerShell\v1.0\;C:\Python;C:\Python\Scripts;C:\xampp\mysql\bin;C:\WINDOWS\System32\OpenSSH\;C:\Program Files\mingw-w64\x86_64-8.1.0-posix-seh-rt_v6-rev0\mingw64\bin;C:\Program Files (x86)\Groovy\bin;C:\ProgramData\Microsoft\Windows\Start Menu\Programs\Groovy;C:\Program Files\Java\jdk1.8.0_271\bin;C:\Program Files\Java\jre1.8.0_271\bin;C:\Program Files (x86)\Groovy\bin;C:\Program Files\Git\cmd;;C:\Users\CTEA\AppData\Local\Programs\Microsoft VS Code\bin;C:\Users\CTEA\AppData\Local\Microsoft\WindowsApps;C:\Users\CTEA\Testing\Robot_WorkspaceTesting\OpenEmrProject\LoginSuite\driver'.</msg>
<status status="PASS" starttime="20210119 09:54:03.692" endtime="20210119 09:54:03.693"></status>
</kw>
<kw name="Open Browser" library="SeleniumLibrary">
<doc>Opens a new browser instance to the optional ``url``.</doc>
<arguments>
<arg>browser= googlechrome</arg>
</arguments>
<msg timestamp="20210119 09:54:03.693" level="INFO">Opening browser ' googlechrome' to base url 'None'.</msg>
<kw name="Capture Page Screenshot" library="SeleniumLibrary">
<doc>Takes a screenshot of the current page and embeds it into a log file.</doc>
<msg timestamp="20210119 09:54:03.697" level="INFO">Cannot capture screenshot because no browser is open.</msg>
<status status="PASS" starttime="20210119 09:54:03.697" endtime="20210119 09:54:03.697"></status>
</kw>
<msg timestamp="20210119 09:54:03.702" level="FAIL">WebDriverException: Message: 'chromedriver' executable needs to be in PATH. Please see https://sites.google.com/a/chromium.org/chromedriver/home
</msg>
<status status="FAIL" starttime="20210119 09:54:03.693" endtime="20210119 09:54:03.702"></status>
</kw>
<status status="FAIL" starttime="20210119 09:54:03.692" endtime="20210119 09:54:03.702"></status>
</kw>
<status status="FAIL" starttime="20210119 09:54:03.691" endtime="20210119 09:54:03.702" critical="yes">WebDriverException: Message: 'chromedriver' executable needs to be in PATH. Please see https://sites.google.com/a/chromium.org/chromedriver/home
</status>
</test>
<doc>This file is for validating valid credentials</doc>
<status status="FAIL" starttime="20210119 09:54:03.386" endtime="20210119 09:54:03.704"></status>
</suite>
<statistics>
<total>
<stat pass="0" fail="1">Critical Tests</stat>
<stat pass="0" fail="1">All Tests</stat>
</total>
<tag>
</tag>
<suite>
<stat pass="0" fail="1" id="s1" name="Verify Valid Credentials">Verify Valid Credentials</stat>
</suite>
</statistics>
<errors>
</errors>
</robot>
